Using pre-set license
Built from '2020.3/staging' branch; Version is '2020.3.13f1 (71691879b7f5) revision 7432472'; Using compiler version '192528614'; Build Type 'Release'
OS: 'Windows 10 Home; OS build 19043.1110; Version 2009; 64bit' Language: 'en' Physical Memory: 7549 MB
BatchMode: 1, IsHumanControllingUs: 0, StartBugReporterOnCrash: 0, Is64bit: 1, IsPro: 0

 COMMAND LINE ARGUMENTS:
E:\Unity Projects\Engine\2020.1.1f1\2020.3.13f1\Editor\Unity.exe
-adb2
-batchMode
-noUpm
-name
AssetImportWorker0
-projectPath
E:/Unity Projects/Prototype 10 2D Game Kit
-logFile
Logs/AssetImportWorker0.log
-srvPort
53327
Successfully changed project path to: E:/Unity Projects/Prototype 10 2D Game Kit
E:/Unity Projects/Prototype 10 2D Game Kit
Using Asset Import Pipeline V2.
Refreshing native plugins compatible for Editor in 100.63 ms, found 1 plugins.
Preloading 0 native plugins for Editor in 0.00 ms.
Initialize engine version: 2020.3.13f1 (71691879b7f5)
[Subsystems] Discovering subsystems at path E:/Unity Projects/Engine/2020.1.1f1/2020.3.13f1/Editor/Data/Resources/UnitySubsystems
[Subsystems] Discovering subsystems at path E:/Unity Projects/Prototype 10 2D Game Kit/Assets
GfxDevice: creating device client; threaded=0
Direct3D:
    Version:  Direct3D 11.0 [level 11.1]
    Renderer: NVIDIA GeForce GTX 1650 (ID=0x1f99)
    Vendor:   
    VRAM:     3962 MB
    Driver:   27.21.14.6192
Initialize mono
Mono path[0] = 'E:/Unity Projects/Engine/2020.1.1f1/2020.3.13f1/Editor/Data/Managed'
Mono path[1] = 'E:/Unity Projects/Engine/2020.1.1f1/2020.3.13f1/Editor/Data/MonoBleedingEdge/lib/mono/unityjit'
Mono config path = 'E:/Unity Projects/Engine/2020.1.1f1/2020.3.13f1/Editor/Data/MonoBleedingEdge/etc'
Using monoOptions --debugger-agent=transport=dt_socket,embedding=1,server=y,suspend=n,address=127.0.0.1:56428
Begin MonoManager ReloadAssembly
Registering precompiled unity dll's ...
Register platform support module: E:/Unity Projects/Engine/2020.1.1f1/2020.3.13f1/Editor/Data/PlaybackEngines/WebGLSupport/UnityEditor.WebGL.Extensions.dll
Register platform support module: E:/Unity Projects/Engine/2020.1.1f1/2020.3.13f1/Editor/Data/PlaybackEngines/WindowsStandaloneSupport/UnityEditor.WindowsStandalone.Extensions.dll
Registered in 0.002786 seconds.
Native extension for WindowsStandalone target not found
Native extension for WebGL target not found
Refreshing native plugins compatible for Editor in 98.76 ms, found 1 plugins.
Preloading 0 native plugins for Editor in 0.00 ms.
Mono: successfully reloaded assembly
- Completed reload, in  1.459 seconds
Platform modules already initialized, skipping
Registering precompiled user dll's ...
Registered in 0.003737 seconds.
Begin MonoManager ReloadAssembly
Native extension for WindowsStandalone target not found
Native extension for WebGL target not found
Refreshing native plugins compatible for Editor in 0.92 ms, found 1 plugins.
Preloading 0 native plugins for Editor in 0.00 ms.
Mono: successfully reloaded assembly
- Completed reload, in  0.932 seconds
Platform modules already initialized, skipping
========================================================================
Worker process is ready to serve import requests
Launched and connected shader compiler UnityShaderCompiler.exe after 0.05 seconds
Refreshing native plugins compatible for Editor in 0.82 ms, found 1 plugins.
Preloading 0 native plugins for Editor in 0.00 ms.
Unloading 3220 Unused Serialized files (Serialized files now loaded: 0)
System memory in use before: 124.8 MB.
System memory in use after: 125.0 MB.

Unloading 18 unused Assets to reduce memory usage. Loaded Objects now: 3665.
Total: 2.355300 ms (FindLiveObjects: 0.433400 ms CreateObjectMapping: 0.165000 ms MarkObjects: 1.716000 ms  DeleteObjects: 0.038700 ms)

AssetImportParameters requested are different than current active one (requested -> active):
  custom:framework-win-MediaFoundation: 216162199b28c13a410421893ffa2e32 -> 
  custom:video-decoder-ogg-theora: a1e56fd34408186e4bbccfd4996cb3dc -> 
  custom:container-muxer-webm: aa71ff27fc2769a1b78a27578f13a17b -> 
  custom:container-demuxer-webm: 4f35f7cbe854078d1ac9338744f61a02 -> 
  custom:container-demuxer-ogg: 62fdf1f143b41e24485cea50d1cbac27 -> 
  custom:video-encoder-webm-vp8: eb34c28f22e8b96e1ab97ce403110664 -> 
  custom:video-codec-MediaFoundation-h265: 746d11721c4dcdbdad8f713fa42b33f4 -> 
  custom:video-decoder-webm-vp8: 9c59270c3fd7afecdb556c50c9e8de78 -> 
  custom:audio-decoder-ogg-vorbis: bf7c407c2cedff20999df2af8eb42d56 -> 
  custom:audio-encoder-webm-vorbis: bf7c407c2cedff20999df2af8eb42d56 -> 
========================================================================
Received Import Request.
  path: Assets/2DGamekit/Prefabs/SceneControl/Checkpoint.prefab
  artifactKey: Guid(448ee8ad87a7f9f43b099285036e8bfc) Importer(815301076,1909f56bfc062723c751e8b465ee728b)
Start importing Assets/2DGamekit/Prefabs/SceneControl/Checkpoint.prefab using Guid(448ee8ad87a7f9f43b099285036e8bfc) Importer(815301076,1909f56bfc062723c751e8b465ee728b)  -> (artifact id: '111e32c76b69370fc67e1f71c916b0cb') in 0.058592 seconds 
  Import took 0.065532 seconds .

========================================================================
Received Import Request.
  Time since last request: 0.000264 seconds.
  path: Assets/2DGamekit/Prefabs/SceneControl/TransitionStart.prefab
  artifactKey: Guid(b38e9ca90e4033c4bb4554a41a283698) Importer(815301076,1909f56bfc062723c751e8b465ee728b)
Start importing Assets/2DGamekit/Prefabs/SceneControl/TransitionStart.prefab using Guid(b38e9ca90e4033c4bb4554a41a283698) Importer(815301076,1909f56bfc062723c751e8b465ee728b)  -> (artifact id: '95164619102fb835672fe85314a1d658') in 0.012665 seconds 
  Import took 0.018681 seconds .

========================================================================
Received Prepare
Registering precompiled user dll's ...
Registered in 0.003229 seconds.
Begin MonoManager ReloadAssembly
Native extension for WindowsStandalone target not found
Native extension for WebGL target not found
Refreshing native plugins compatible for Editor in 0.74 ms, found 1 plugins.
Preloading 0 native plugins for Editor in 0.00 ms.
Mono: successfully reloaded assembly
- Completed reload, in  0.805 seconds
Platform modules already initialized, skipping
Refreshing native plugins compatible for Editor in 0.76 ms, found 1 plugins.
Preloading 0 native plugins for Editor in 0.00 ms.
Unloading 3166 Unused Serialized files (Serialized files now loaded: 0)
System memory in use before: 120.0 MB.
System memory in use after: 120.2 MB.

Unloading 10 unused Assets to reduce memory usage. Loaded Objects now: 3668.
Total: 2.601500 ms (FindLiveObjects: 0.403300 ms CreateObjectMapping: 0.150000 ms MarkObjects: 2.026600 ms  DeleteObjects: 0.019800 ms)

AssetImportParameters requested are different than current active one (requested -> active):
  custom:framework-win-MediaFoundation: 216162199b28c13a410421893ffa2e32 -> 
  custom:video-decoder-ogg-theora: a1e56fd34408186e4bbccfd4996cb3dc -> 
  custom:container-muxer-webm: aa71ff27fc2769a1b78a27578f13a17b -> 
  custom:container-demuxer-webm: 4f35f7cbe854078d1ac9338744f61a02 -> 
  custom:container-demuxer-ogg: 62fdf1f143b41e24485cea50d1cbac27 -> 
  custom:video-encoder-webm-vp8: eb34c28f22e8b96e1ab97ce403110664 -> 
  custom:video-codec-MediaFoundation-h265: 746d11721c4dcdbdad8f713fa42b33f4 -> 
  custom:video-decoder-webm-vp8: 9c59270c3fd7afecdb556c50c9e8de78 -> 
  custom:audio-decoder-ogg-vorbis: bf7c407c2cedff20999df2af8eb42d56 -> 
  custom:audio-encoder-webm-vorbis: bf7c407c2cedff20999df2af8eb42d56 -> 
========================================================================
Received Import Request.
  Time since last request: 553.723233 seconds.
  path: Assets/2DGamekit/Scripts/SceneManagement/TransitionPoint.cs
  artifactKey: Guid(669cc1f85c2f463459fe05d2c53835cb) Importer(815301076,1909f56bfc062723c751e8b465ee728b)
Start importing Assets/2DGamekit/Scripts/SceneManagement/TransitionPoint.cs using Guid(669cc1f85c2f463459fe05d2c53835cb) Importer(815301076,1909f56bfc062723c751e8b465ee728b)  -> (artifact id: '413a58c0350f9c24946e22b31bc72cdd') in 0.076245 seconds 
  Import took 0.083508 seconds .

========================================================================
Received Prepare
Registering precompiled user dll's ...
Registered in 0.003268 seconds.
Begin MonoManager ReloadAssembly
Native extension for WindowsStandalone target not found
Native extension for WebGL target not found
Refreshing native plugins compatible for Editor in 0.80 ms, found 1 plugins.
Preloading 0 native plugins for Editor in 0.00 ms.
Mono: successfully reloaded assembly
- Completed reload, in  0.799 seconds
Platform modules already initialized, skipping
Refreshing native plugins compatible for Editor in 0.83 ms, found 1 plugins.
Preloading 0 native plugins for Editor in 0.00 ms.
Unloading 3166 Unused Serialized files (Serialized files now loaded: 0)
System memory in use before: 120.1 MB.
System memory in use after: 120.4 MB.

Unloading 10 unused Assets to reduce memory usage. Loaded Objects now: 3671.
Total: 2.595400 ms (FindLiveObjects: 0.398500 ms CreateObjectMapping: 0.150100 ms MarkObjects: 2.024000 ms  DeleteObjects: 0.021300 ms)

AssetImportParameters requested are different than current active one (requested -> active):
  custom:framework-win-MediaFoundation: 216162199b28c13a410421893ffa2e32 -> 
  custom:video-decoder-ogg-theora: a1e56fd34408186e4bbccfd4996cb3dc -> 
  custom:container-muxer-webm: aa71ff27fc2769a1b78a27578f13a17b -> 
  custom:container-demuxer-webm: 4f35f7cbe854078d1ac9338744f61a02 -> 
  custom:container-demuxer-ogg: 62fdf1f143b41e24485cea50d1cbac27 -> 
  custom:video-encoder-webm-vp8: eb34c28f22e8b96e1ab97ce403110664 -> 
  custom:video-codec-MediaFoundation-h265: 746d11721c4dcdbdad8f713fa42b33f4 -> 
  custom:video-decoder-webm-vp8: 9c59270c3fd7afecdb556c50c9e8de78 -> 
  custom:audio-decoder-ogg-vorbis: bf7c407c2cedff20999df2af8eb42d56 -> 
  custom:audio-encoder-webm-vorbis: bf7c407c2cedff20999df2af8eb42d56 -> 
========================================================================
Received Import Request.
  Time since last request: 550.425743 seconds.
  path: Assets/2DGamekit/Scenes/Zone1.unity
  artifactKey: Guid(a94cb8f134bf81349ad016c79b629e3d) Importer(815301076,1909f56bfc062723c751e8b465ee728b)
Start importing Assets/2DGamekit/Scenes/Zone1.unity using Guid(a94cb8f134bf81349ad016c79b629e3d) Importer(815301076,1909f56bfc062723c751e8b465ee728b)  -> (artifact id: '9fac0d2b3698918831eb8202d4eff3e4') in 0.024353 seconds 
  Import took 0.030484 seconds .

========================================================================
Received Import Request.
  Time since last request: 82.025278 seconds.
  path: Assets/2DGamekit/Scenes/Zone2.unity
  artifactKey: Guid(5436c67e9267f17458b31fcdc20cd20a) Importer(815301076,1909f56bfc062723c751e8b465ee728b)
Start importing Assets/2DGamekit/Scenes/Zone2.unity using Guid(5436c67e9267f17458b31fcdc20cd20a) Importer(815301076,1909f56bfc062723c751e8b465ee728b)  -> (artifact id: '445749078e694d72dae56a543e78426c') in 0.007824 seconds 
  Import took 0.014157 seconds .

========================================================================
Received Import Request.
  Time since last request: 0.000568 seconds.
  path: Assets/2DGamekit/Scenes/Zone2.unity
  artifactKey: Guid(5436c67e9267f17458b31fcdc20cd20a) Importer(815301076,1909f56bfc062723c751e8b465ee728b)
Start importing Assets/2DGamekit/Scenes/Zone2.unity using Guid(5436c67e9267f17458b31fcdc20cd20a) Importer(815301076,1909f56bfc062723c751e8b465ee728b)  -> (artifact id: '445749078e694d72dae56a543e78426c') in 0.002350 seconds 
  Import took 0.007987 seconds .

========================================================================
Received Import Request.
  Time since last request: 15.136950 seconds.
  path: Assets/2DGamekit/Scenes/Zone5.unity
  artifactKey: Guid(960b12f881940d84983273421bebc695) Importer(815301076,1909f56bfc062723c751e8b465ee728b)
Start importing Assets/2DGamekit/Scenes/Zone5.unity using Guid(960b12f881940d84983273421bebc695) Importer(815301076,1909f56bfc062723c751e8b465ee728b)  -> (artifact id: 'bd650fc4c408598a25fff1bdc341ddd8') in 0.009487 seconds 
  Import took 0.015851 seconds .

========================================================================
Received Import Request.
  Time since last request: 0.016610 seconds.
  path: Assets/2DGamekit/Scenes/Zone5.unity
  artifactKey: Guid(960b12f881940d84983273421bebc695) Importer(815301076,1909f56bfc062723c751e8b465ee728b)
Start importing Assets/2DGamekit/Scenes/Zone5.unity using Guid(960b12f881940d84983273421bebc695) Importer(815301076,1909f56bfc062723c751e8b465ee728b)  -> (artifact id: 'bd650fc4c408598a25fff1bdc341ddd8') in 0.002581 seconds 
  Import took 0.007753 seconds .

AssetImportWorkerClient::OnTransportError - code=2 error=End of file
